This file contains any messages produced by compilers while
running configure, to aid debugging if configure makes a mistake.

It was created by sqlcipher configure 3.8.10.2, which was
generated by GNU Autoconf 2.69.  Invocation command line was

  $ ./configure --enable-tempstore=yes --with-crypto-lib=commoncrypto CFLAGS=-DSQLITE_HAS_CODEC -DSQLITE_TEMP_STORE=2

## --------- ##
## Platform. ##
## --------- ##

hostname = jinkedeMacBook-Pro.local
uname -m = x86_64
uname -r = 15.0.0
uname -s = Darwin
uname -v = Darwin Kernel Version 15.0.0: Sat Sep 19 15:53:46 PDT 2015; root:xnu-3247.10.11~1/RELEASE_X86_64

/usr/bin/uname -p = i386
/bin/uname -X     = unknown

/bin/arch              = unknown
/usr/bin/arch -k       = unknown
/usr/convex/getsysinfo = unknown
/usr/bin/hostinfo      = Mach kernel version:
	 Darwin Kernel Version 15.0.0: Sat Sep 19 15:53:46 PDT 2015; root:xnu-3247.10.11~1/RELEASE_X86_64
Kernel configured for up to 4 processors.
2 processors are physically available.
4 processors are logically available.
Processor type: x86_64h (Intel x86-64h Haswell)
Processors active: 0 1 2 3
Primary memory available: 4.00 gigabytes
Default processor set: 257 tasks, 1105 threads, 4 processors
Load average: 3.04, Mach factor: 1.65
/bin/machine           = unknown
/usr/bin/oslevel       = unknown
/bin/universe          = unknown

PATH: /Applications/Xcode.app/Contents/Developer/Toolchains/XcodeDefault.xctoolchain/usr/bin
PATH: /Applications/Xcode.app/Contents/Developer/Toolchains/XcodeDefault.xctoolchain/usr/libexec
PATH: /Applications/Xcode.app/Contents/Developer/Platforms/MacOSX.platform/Developer/usr/bin
PATH: /Applications/Xcode.app/Contents/Developer/Platforms/MacOSX.platform/Developer/usr/local/bin
PATH: /Applications/Xcode.app/Contents/Developer/Platforms/MacOSX.platform/usr/bin
PATH: /Applications/Xcode.app/Contents/Developer/Platforms/MacOSX.platform/usr/local/bin
PATH: /Applications/Xcode.app/Contents/Developer/usr/bin
PATH: /Applications/Xcode.app/Contents/Developer/usr/local/bin
PATH: /Applications/Xcode.app/Contents/Developer/Tools
PATH: /usr/local/bin
PATH: /usr/bin
PATH: /bin
PATH: /usr/sbin
PATH: /sbin


## ----------- ##
## Core tests. ##
## ----------- ##

configure:2480: checking build system type
configure:2494: result: i386-apple-darwin15.0.0
configure:2514: checking host system type
configure:2527: result: i386-apple-darwin15.0.0
configure:2595: checking for gcc
configure:2611: found /Applications/Xcode.app/Contents/Developer/usr/bin/gcc
configure:2622: result: gcc
configure:2851: checking for C compiler version
configure:2860: gcc --version >&5
Apple LLVM version 7.0.0 (clang-700.1.76)
Target: x86_64-apple-darwin15.0.0
Thread model: posix
Configured with: --prefix=/Applications/Xcode.app/Contents/Developer/usr --with-gxx-include-dir=/Applications/Xcode.app/Contents/Developer/Platforms/MacOSX.platform/Developer/SDKs/MacOSX10.11.sdk/usr/include/c++/4.2.1
configure:2871: $? = 0
configure:2860: gcc -v >&5
Configured with: --prefix=/Applications/Xcode.app/Contents/Developer/usr --with-gxx-include-dir=/Applications/Xcode.app/Contents/Developer/Platforms/MacOSX.platform/Developer/SDKs/MacOSX10.11.sdk/usr/include/c++/4.2.1
Apple LLVM version 7.0.0 (clang-700.1.76)
Target: x86_64-apple-darwin15.0.0
Thread model: posix
configure:2871: $? = 0
configure:2860: gcc -V >&5
clang: error: argument to '-V' is missing (expected 1 value)
clang: error: no input files
configure:2871: $? = 1
configure:2860: gcc -qversion >&5
clang: error: unknown argument: '-qversion'
clang: error: no input files
configure:2871: $? = 1
configure:2891: checking whether the C compiler works
configure:2913: gcc -DSQLITE_HAS_CODEC -DSQLITE_TEMP_STORE=2   conftest.c  >&5
configure:2917: $? = 0
configure:2965: result: yes
configure:2968: checking for C compiler default output file name
configure:2970: result: a.out
configure:2976: checking for suffix of executables
configure:2983: gcc -o conftest -DSQLITE_HAS_CODEC -DSQLITE_TEMP_STORE=2   conftest.c  >&5
configure:2987: $? = 0
configure:3009: result: 
configure:3031: checking whether we are cross compiling
configure:3039: gcc -o conftest -DSQLITE_HAS_CODEC -DSQLITE_TEMP_STORE=2   conftest.c  >&5
configure:3043: $? = 0
configure:3050: ./conftest
configure:3054: $? = 0
configure:3069: result: no
configure:3074: checking for suffix of object files
configure:3096: gcc -c -DSQLITE_HAS_CODEC -DSQLITE_TEMP_STORE=2  conftest.c >&5
configure:3100: $? = 0
configure:3121: result: o
configure:3125: checking whether we are using the GNU C compiler
configure:3144: gcc -c -DSQLITE_HAS_CODEC -DSQLITE_TEMP_STORE=2  conftest.c >&5
configure:3144: $? = 0
configure:3153: result: yes
configure:3162: checking whether gcc accepts -g
configure:3182: gcc -c -g  conftest.c >&5
configure:3182: $? = 0
configure:3223: result: yes
configure:3240: checking for gcc option to accept ISO C89
configure:3303: gcc  -c -DSQLITE_HAS_CODEC -DSQLITE_TEMP_STORE=2  conftest.c >&5
configure:3303: $? = 0
configure:3316: result: none needed
configure:3336: checking for a sed that does not truncate output
configure:3400: result: /usr/bin/sed
configure:3418: checking for grep that handles long lines and -e
configure:3476: result: /usr/bin/grep
configure:3481: checking for egrep
configure:3543: result: /usr/bin/grep -E
configure:3548: checking for fgrep
configure:3610: result: /usr/bin/grep -F
configure:3645: checking for ld used by gcc
configure:3712: result: /Applications/Xcode.app/Contents/Developer/Toolchains/XcodeDefault.xctoolchain/usr/bin/ld
configure:3719: checking if the linker (/Applications/Xcode.app/Contents/Developer/Toolchains/XcodeDefault.xctoolchain/usr/bin/ld) is GNU ld
configure:3734: result: no
configure:3746: checking for BSD- or MS-compatible name lister (nm)
configure:3795: result: /Applications/Xcode.app/Contents/Developer/Toolchains/XcodeDefault.xctoolchain/usr/bin/nm
configure:3913: checking the name lister (/Applications/Xcode.app/Contents/Developer/Toolchains/XcodeDefault.xctoolchain/usr/bin/nm) interface
configure:3920: gcc -c -DSQLITE_HAS_CODEC -DSQLITE_TEMP_STORE=2  conftest.c >&5
configure:3923: /Applications/Xcode.app/Contents/Developer/Toolchains/XcodeDefault.xctoolchain/usr/bin/nm "conftest.o"
configure:3926: output
0000000000000000 S _some_variable
configure:3933: result: BSD nm
configure:3936: checking whether ln -s works
configure:3940: result: yes
configure:3948: checking the maximum length of command line arguments
configure:4068: result: 196608
configure:4085: checking whether the shell understands some XSI constructs
configure:4095: result: yes
configure:4099: checking whether the shell understands "+="
configure:4105: result: yes
configure:4140: checking for /Applications/Xcode.app/Contents/Developer/Toolchains/XcodeDefault.xctoolchain/usr/bin/ld option to reload object files
configure:4147: result: -r
configure:4216: checking for objdump
configure:4246: result: no
configure:4275: checking how to recognize dependent libraries
configure:4471: result: pass_all
configure:4531: checking for ar
configure:4547: found /Applications/Xcode.app/Contents/Developer/Toolchains/XcodeDefault.xctoolchain/usr/bin/ar
configure:4558: result: ar
configure:4636: checking for strip
configure:4652: found /Applications/Xcode.app/Contents/Developer/Toolchains/XcodeDefault.xctoolchain/usr/bin/strip
configure:4663: result: strip
configure:4735: checking for ranlib
configure:4751: found /Applications/Xcode.app/Contents/Developer/Toolchains/XcodeDefault.xctoolchain/usr/bin/ranlib
configure:4762: result: ranlib
configure:4852: checking command to parse /Applications/Xcode.app/Contents/Developer/Toolchains/XcodeDefault.xctoolchain/usr/bin/nm output from gcc object
configure:4970: gcc -c -DSQLITE_HAS_CODEC -DSQLITE_TEMP_STORE=2  conftest.c >&5
configure:4973: $? = 0
configure:4977: /Applications/Xcode.app/Contents/Developer/Toolchains/XcodeDefault.xctoolchain/usr/bin/nm conftest.o \| sed -n -e 's/^.*[	 ]\([BCDEGRST][BCDEGRST]*\)[	 ][	 ]*\([_A-Za-z][_A-Za-z0-9]*\)$/\1 \2 \2/p' \> conftest.nm
configure:4980: $? = 0
cannot find nm_test_var in conftest.nm
configure:4970: gcc -c -DSQLITE_HAS_CODEC -DSQLITE_TEMP_STORE=2  conftest.c >&5
configure:4973: $? = 0
configure:4977: /Applications/Xcode.app/Contents/Developer/Toolchains/XcodeDefault.xctoolchain/usr/bin/nm conftest.o \| sed -n -e 's/^.*[	 ]\([BCDEGRST][BCDEGRST]*\)[	 ][	 ]*_\([_A-Za-z][_A-Za-z0-9]*\)$/\1 _\2 \2/p' \> conftest.nm
configure:4980: $? = 0
configure:5034: gcc -o conftest -DSQLITE_HAS_CODEC -DSQLITE_TEMP_STORE=2   conftest.c conftstm.o >&5
configure:5037: $? = 0
configure:5075: result: ok
configure:5340: checking for dsymutil
configure:5356: found /Applications/Xcode.app/Contents/Developer/Toolchains/XcodeDefault.xctoolchain/usr/bin/dsymutil
configure:5367: result: dsymutil
configure:5432: checking for nmedit
configure:5448: found /Applications/Xcode.app/Contents/Developer/Toolchains/XcodeDefault.xctoolchain/usr/bin/nmedit
configure:5459: result: nmedit
configure:5524: checking for lipo
configure:5540: found /Applications/Xcode.app/Contents/Developer/Toolchains/XcodeDefault.xctoolchain/usr/bin/lipo
configure:5551: result: lipo
configure:5616: checking for otool
configure:5632: found /Applications/Xcode.app/Contents/Developer/Toolchains/XcodeDefault.xctoolchain/usr/bin/otool
configure:5643: result: otool
configure:5708: checking for otool64
configure:5738: result: no
configure:5783: checking for -single_module linker flag
gcc -DSQLITE_HAS_CODEC -DSQLITE_TEMP_STORE=2  -o libconftest.dylib -dynamiclib -Wl,-single_module conftest.c
configure:5810: result: yes
configure:5812: checking for -exported_symbols_list linker flag
configure:5832: gcc -o conftest -DSQLITE_HAS_CODEC -DSQLITE_TEMP_STORE=2   -Wl,-exported_symbols_list,conftest.sym conftest.c  >&5
configure:5832: $? = 0
configure:5842: result: yes
configure:5884: checking how to run the C preprocessor
configure:5915: gcc -E  conftest.c
configure:5915: $? = 0
configure:5929: gcc -E  conftest.c
conftest.c:9:10: fatal error: 'ac_nonexistent.h' file not found
#include <ac_nonexistent.h>
         ^
1 error generated.
configure:5929: $? = 1
configure: failed program was:
| /* confdefs.h */
| #define PACKAGE_NAME "sqlcipher"
| #define PACKAGE_TARNAME "sqlcipher"
| #define PACKAGE_VERSION "3.8.10.2"
| #define PACKAGE_STRING "sqlcipher 3.8.10.2"
| #define PACKAGE_BUGREPORT ""
| #define PACKAGE_URL ""
| /* end confdefs.h.  */
| #include <ac_nonexistent.h>
configure:5954: result: gcc -E
configure:5974: gcc -E  conftest.c
configure:5974: $? = 0
configure:5988: gcc -E  conftest.c
conftest.c:9:10: fatal error: 'ac_nonexistent.h' file not found
#include <ac_nonexistent.h>
         ^
1 error generated.
configure:5988: $? = 1
configure: failed program was:
| /* confdefs.h */
| #define PACKAGE_NAME "sqlcipher"
| #define PACKAGE_TARNAME "sqlcipher"
| #define PACKAGE_VERSION "3.8.10.2"
| #define PACKAGE_STRING "sqlcipher 3.8.10.2"
| #define PACKAGE_BUGREPORT ""
| #define PACKAGE_URL ""
| /* end confdefs.h.  */
| #include <ac_nonexistent.h>
configure:6017: checking for ANSI C header files
configure:6037: gcc -c -DSQLITE_HAS_CODEC -DSQLITE_TEMP_STORE=2  conftest.c >&5
configure:6037: $? = 0
configure:6110: gcc -o conftest -DSQLITE_HAS_CODEC -DSQLITE_TEMP_STORE=2   conftest.c  >&5
configure:6110: $? = 0
configure:6110: ./conftest
configure:6110: $? = 0
configure:6121: result: yes
configure:6134: checking for sys/types.h
configure:6134: gcc -c -DSQLITE_HAS_CODEC -DSQLITE_TEMP_STORE=2  conftest.c >&5
configure:6134: $? = 0
configure:6134: result: yes
configure:6134: checking for sys/stat.h
configure:6134: gcc -c -DSQLITE_HAS_CODEC -DSQLITE_TEMP_STORE=2  conftest.c >&5
configure:6134: $? = 0
configure:6134: result: yes
configure:6134: checking for stdlib.h
configure:6134: gcc -c -DSQLITE_HAS_CODEC -DSQLITE_TEMP_STORE=2  conftest.c >&5
configure:6134: $? = 0
configure:6134: result: yes
configure:6134: checking for string.h
configure:6134: gcc -c -DSQLITE_HAS_CODEC -DSQLITE_TEMP_STORE=2  conftest.c >&5
configure:6134: $? = 0
configure:6134: result: yes
configure:6134: checking for memory.h
configure:6134: gcc -c -DSQLITE_HAS_CODEC -DSQLITE_TEMP_STORE=2  conftest.c >&5
configure:6134: $? = 0
configure:6134: result: yes
configure:6134: checking for strings.h
configure:6134: gcc -c -DSQLITE_HAS_CODEC -DSQLITE_TEMP_STORE=2  conftest.c >&5
configure:6134: $? = 0
configure:6134: result: yes
configure:6134: checking for inttypes.h
configure:6134: gcc -c -DSQLITE_HAS_CODEC -DSQLITE_TEMP_STORE=2  conftest.c >&5
configure:6134: $? = 0
configure:6134: result: yes
configure:6134: checking for stdint.h
configure:6134: gcc -c -DSQLITE_HAS_CODEC -DSQLITE_TEMP_STORE=2  conftest.c >&5
configure:6134: $? = 0
configure:6134: result: yes
configure:6134: checking for unistd.h
configure:6134: gcc -c -DSQLITE_HAS_CODEC -DSQLITE_TEMP_STORE=2  conftest.c >&5
configure:6134: $? = 0
configure:6134: result: yes
configure:6148: checking for dlfcn.h
configure:6148: gcc -c -DSQLITE_HAS_CODEC -DSQLITE_TEMP_STORE=2  conftest.c >&5
configure:6148: $? = 0
configure:6148: result: yes
configure:6332: checking for objdir
configure:6347: result: .libs
configure:6639: checking if gcc supports -fno-rtti -fno-exceptions
configure:6657: gcc -c -DSQLITE_HAS_CODEC -DSQLITE_TEMP_STORE=2  -fno-rtti -fno-exceptions conftest.c >&5
configure:6661: $? = 0
configure:6674: result: yes
configure:6694: checking for gcc option to produce PIC
configure:6966: result: -fno-common -DPIC
configure:6978: checking if gcc PIC flag -fno-common -DPIC works
configure:6996: gcc -c -DSQLITE_HAS_CODEC -DSQLITE_TEMP_STORE=2  -fno-common -DPIC -DPIC conftest.c >&5
configure:7000: $? = 0
configure:7013: result: yes
configure:7037: checking if gcc static flag -static works
configure:7065: result: no
configure:7080: checking if gcc supports -c -o file.o
configure:7101: gcc -c -DSQLITE_HAS_CODEC -DSQLITE_TEMP_STORE=2  -o out/conftest2.o conftest.c >&5
configure:7105: $? = 0
configure:7127: result: yes
configure:7135: checking if gcc supports -c -o file.o
configure:7182: result: yes
configure:7215: checking whether the gcc linker (/Applications/Xcode.app/Contents/Developer/Toolchains/XcodeDefault.xctoolchain/usr/bin/ld) supports shared libraries
configure:8201: result: yes
configure:8440: checking dynamic linker characteristics
configure:9104: result: darwin15.0.0 dyld
configure:9206: checking how to hardcode library paths into programs
configure:9231: result: immediate
configure:9751: checking whether stripping libraries is possible
configure:9765: result: yes
configure:9791: checking if libtool supports shared libraries
configure:9793: result: yes
configure:9796: checking whether to build shared libraries
configure:9817: result: yes
configure:9820: checking whether to build static libraries
configure:9824: result: yes
configure:9873: checking for a BSD-compatible install
configure:9941: result: /usr/bin/install -c
configure:9956: checking for gawk
configure:9986: result: no
configure:9956: checking for mawk
configure:9986: result: no
configure:9956: checking for nawk
configure:9986: result: no
configure:9956: checking for awk
configure:9972: found /usr/bin/awk
configure:9983: result: awk
configure:10005: checking for special C compiler options needed for large files
configure:10050: result: no
configure:10056: checking for _FILE_OFFSET_BITS value needed for large files
configure:10081: gcc -c -DSQLITE_HAS_CODEC -DSQLITE_TEMP_STORE=2  conftest.c >&5
configure:10081: $? = 0
configure:10113: result: no
configure:10201: checking for int8_t
configure:10201: gcc -c -DSQLITE_HAS_CODEC -DSQLITE_TEMP_STORE=2  conftest.c >&5
configure:10201: $? = 0
configure:10201: gcc -c -DSQLITE_HAS_CODEC -DSQLITE_TEMP_STORE=2  conftest.c >&5
conftest.c:57:21: error: expected expression
if (sizeof ((int8_t)))
                    ^
1 error generated.
configure:10201: $? = 1
configure: failed program was:
| /* confdefs.h */
| #define PACKAGE_NAME "sqlcipher"
| #define PACKAGE_TARNAME "sqlcipher"
| #define PACKAGE_VERSION "3.8.10.2"
| #define PACKAGE_STRING "sqlcipher 3.8.10.2"
| #define PACKAGE_BUGREPORT ""
| #define PACKAGE_URL ""
| #define STDC_HEADERS 1
| #define HAVE_SYS_TYPES_H 1
| #define HAVE_SYS_STAT_H 1
| #define HAVE_STDLIB_H 1
| #define HAVE_STRING_H 1
| #define HAVE_MEMORY_H 1
| #define HAVE_STRINGS_H 1
| #define HAVE_INTTYPES_H 1
| #define HAVE_STDINT_H 1
| #define HAVE_UNISTD_H 1
| #define HAVE_DLFCN_H 1
| #define LT_OBJDIR ".libs/"
| /* end confdefs.h.  */
| #include <stdio.h>
| #ifdef HAVE_SYS_TYPES_H
| # include <sys/types.h>
| #endif
| #ifdef HAVE_SYS_STAT_H
| # include <sys/stat.h>
| #endif
| #ifdef STDC_HEADERS
| # include <stdlib.h>
| # include <stddef.h>
| #else
| # ifdef HAVE_STDLIB_H
| #  include <stdlib.h>
| # endif
| #endif
| #ifdef HAVE_STRING_H
| # if !defined STDC_HEADERS && defined HAVE_MEMORY_H
| #  include <memory.h>
| # endif
| # include <string.h>
| #endif
| #ifdef HAVE_STRINGS_H
| # include <strings.h>
| #endif
| #ifdef HAVE_INTTYPES_H
| # include <inttypes.h>
| #endif
| #ifdef HAVE_STDINT_H
| # include <stdint.h>
| #endif
| #ifdef HAVE_UNISTD_H
| # include <unistd.h>
| #endif
| int
| main ()
| {
| if (sizeof ((int8_t)))
| 	    return 0;
|   ;
|   return 0;
| }
configure:10201: result: yes
configure:10210: checking for int16_t
configure:10210: gcc -c -DSQLITE_HAS_CODEC -DSQLITE_TEMP_STORE=2  conftest.c >&5
configure:10210: $? = 0
configure:10210: gcc -c -DSQLITE_HAS_CODEC -DSQLITE_TEMP_STORE=2  conftest.c >&5
conftest.c:58:22: error: expected expression
if (sizeof ((int16_t)))
                     ^
1 error generated.
configure:10210: $? = 1
configure: failed program was:
| /* confdefs.h */
| #define PACKAGE_NAME "sqlcipher"
| #define PACKAGE_TARNAME "sqlcipher"
| #define PACKAGE_VERSION "3.8.10.2"
| #define PACKAGE_STRING "sqlcipher 3.8.10.2"
| #define PACKAGE_BUGREPORT ""
| #define PACKAGE_URL ""
| #define STDC_HEADERS 1
| #define HAVE_SYS_TYPES_H 1
| #define HAVE_SYS_STAT_H 1
| #define HAVE_STDLIB_H 1
| #define HAVE_STRING_H 1
| #define HAVE_MEMORY_H 1
| #define HAVE_STRINGS_H 1
| #define HAVE_INTTYPES_H 1
| #define HAVE_STDINT_H 1
| #define HAVE_UNISTD_H 1
| #define HAVE_DLFCN_H 1
| #define LT_OBJDIR ".libs/"
| #define HAVE_INT8_T 1
| /* end confdefs.h.  */
| #include <stdio.h>
| #ifdef HAVE_SYS_TYPES_H
| # include <sys/types.h>
| #endif
| #ifdef HAVE_SYS_STAT_H
| # include <sys/stat.h>
| #endif
| #ifdef STDC_HEADERS
| # include <stdlib.h>
| # include <stddef.h>
| #else
| # ifdef HAVE_STDLIB_H
| #  include <stdlib.h>
| # endif
| #endif
| #ifdef HAVE_STRING_H
| # if !defined STDC_HEADERS && defined HAVE_MEMORY_H
| #  include <memory.h>
| # endif
| # include <string.h>
| #endif
| #ifdef HAVE_STRINGS_H
| # include <strings.h>
| #endif
| #ifdef HAVE_INTTYPES_H
| # include <inttypes.h>
| #endif
| #ifdef HAVE_STDINT_H
| # include <stdint.h>
| #endif
| #ifdef HAVE_UNISTD_H
| # include <unistd.h>
| #endif
| int
| main ()
| {
| if (sizeof ((int16_t)))
| 	    return 0;
|   ;
|   return 0;
| }
configure:10210: result: yes
configure:10219: checking for int32_t
configure:10219: gcc -c -DSQLITE_HAS_CODEC -DSQLITE_TEMP_STORE=2  conftest.c >&5
configure:10219: $? = 0
configure:10219: gcc -c -DSQLITE_HAS_CODEC -DSQLITE_TEMP_STORE=2  conftest.c >&5
conftest.c:59:22: error: expected expression
if (sizeof ((int32_t)))
                     ^
1 error generated.
configure:10219: $? = 1
configure: failed program was:
| /* confdefs.h */
| #define PACKAGE_NAME "sqlcipher"
| #define PACKAGE_TARNAME "sqlcipher"
| #define PACKAGE_VERSION "3.8.10.2"
| #define PACKAGE_STRING "sqlcipher 3.8.10.2"
| #define PACKAGE_BUGREPORT ""
| #define PACKAGE_URL ""
| #define STDC_HEADERS 1
| #define HAVE_SYS_TYPES_H 1
| #define HAVE_SYS_STAT_H 1
| #define HAVE_STDLIB_H 1
| #define HAVE_STRING_H 1
| #define HAVE_MEMORY_H 1
| #define HAVE_STRINGS_H 1
| #define HAVE_INTTYPES_H 1
| #define HAVE_STDINT_H 1
| #define HAVE_UNISTD_H 1
| #define HAVE_DLFCN_H 1
| #define LT_OBJDIR ".libs/"
| #define HAVE_INT8_T 1
| #define HAVE_INT16_T 1
| /* end confdefs.h.  */
| #include <stdio.h>
| #ifdef HAVE_SYS_TYPES_H
| # include <sys/types.h>
| #endif
| #ifdef HAVE_SYS_STAT_H
| # include <sys/stat.h>
| #endif
| #ifdef STDC_HEADERS
| # include <stdlib.h>
| # include <stddef.h>
| #else
| # ifdef HAVE_STDLIB_H
| #  include <stdlib.h>
| # endif
| #endif
| #ifdef HAVE_STRING_H
| # if !defined STDC_HEADERS && defined HAVE_MEMORY_H
| #  include <memory.h>
| # endif
| # include <string.h>
| #endif
| #ifdef HAVE_STRINGS_H
| # include <strings.h>
| #endif
| #ifdef HAVE_INTTYPES_H
| # include <inttypes.h>
| #endif
| #ifdef HAVE_STDINT_H
| # include <stdint.h>
| #endif
| #ifdef HAVE_UNISTD_H
| # include <unistd.h>
| #endif
| int
| main ()
| {
| if (sizeof ((int32_t)))
| 	    return 0;
|   ;
|   return 0;
| }
configure:10219: result: yes
configure:10228: checking for int64_t
configure:10228: gcc -c -DSQLITE_HAS_CODEC -DSQLITE_TEMP_STORE=2  conftest.c >&5
configure:10228: $? = 0
configure:10228: gcc -c -DSQLITE_HAS_CODEC -DSQLITE_TEMP_STORE=2  conftest.c >&5
conftest.c:60:22: error: expected expression
if (sizeof ((int64_t)))
                     ^
1 error generated.
configure:10228: $? = 1
configure: failed program was:
| /* confdefs.h */
| #define PACKAGE_NAME "sqlcipher"
| #define PACKAGE_TARNAME "sqlcipher"
| #define PACKAGE_VERSION "3.8.10.2"
| #define PACKAGE_STRING "sqlcipher 3.8.10.2"
| #define PACKAGE_BUGREPORT ""
| #define PACKAGE_URL ""
| #define STDC_HEADERS 1
| #define HAVE_SYS_TYPES_H 1
| #define HAVE_SYS_STAT_H 1
| #define HAVE_STDLIB_H 1
| #define HAVE_STRING_H 1
| #define HAVE_MEMORY_H 1
| #define HAVE_STRINGS_H 1
| #define HAVE_INTTYPES_H 1
| #define HAVE_STDINT_H 1
| #define HAVE_UNISTD_H 1
| #define HAVE_DLFCN_H 1
| #define LT_OBJDIR ".libs/"
| #define HAVE_INT8_T 1
| #define HAVE_INT16_T 1
| #define HAVE_INT32_T 1
| /* end confdefs.h.  */
| #include <stdio.h>
| #ifdef HAVE_SYS_TYPES_H
| # include <sys/types.h>
| #endif
| #ifdef HAVE_SYS_STAT_H
| # include <sys/stat.h>
| #endif
| #ifdef STDC_HEADERS
| # include <stdlib.h>
| # include <stddef.h>
| #else
| # ifdef HAVE_STDLIB_H
| #  include <stdlib.h>
| # endif
| #endif
| #ifdef HAVE_STRING_H
| # if !defined STDC_HEADERS && defined HAVE_MEMORY_H
| #  include <memory.h>
| # endif
| # include <string.h>
| #endif
| #ifdef HAVE_STRINGS_H
| # include <strings.h>
| #endif
| #ifdef HAVE_INTTYPES_H
| # include <inttypes.h>
| #endif
| #ifdef HAVE_STDINT_H
| # include <stdint.h>
| #endif
| #ifdef HAVE_UNISTD_H
| # include <unistd.h>
| #endif
| int
| main ()
| {
| if (sizeof ((int64_t)))
| 	    return 0;
|   ;
|   return 0;
| }
configure:10228: result: yes
configure:10237: checking for intptr_t
configure:10237: gcc -c -DSQLITE_HAS_CODEC -DSQLITE_TEMP_STORE=2  conftest.c >&5
configure:10237: $? = 0
configure:10237: gcc -c -DSQLITE_HAS_CODEC -DSQLITE_TEMP_STORE=2  conftest.c >&5
conftest.c:61:23: error: expected expression
if (sizeof ((intptr_t)))
                      ^
1 error generated.
configure:10237: $? = 1
configure: failed program was:
| /* confdefs.h */
| #define PACKAGE_NAME "sqlcipher"
| #define PACKAGE_TARNAME "sqlcipher"
| #define PACKAGE_VERSION "3.8.10.2"
| #define PACKAGE_STRING "sqlcipher 3.8.10.2"
| #define PACKAGE_BUGREPORT ""
| #define PACKAGE_URL ""
| #define STDC_HEADERS 1
| #define HAVE_SYS_TYPES_H 1
| #define HAVE_SYS_STAT_H 1
| #define HAVE_STDLIB_H 1
| #define HAVE_STRING_H 1
| #define HAVE_MEMORY_H 1
| #define HAVE_STRINGS_H 1
| #define HAVE_INTTYPES_H 1
| #define HAVE_STDINT_H 1
| #define HAVE_UNISTD_H 1
| #define HAVE_DLFCN_H 1
| #define LT_OBJDIR ".libs/"
| #define HAVE_INT8_T 1
| #define HAVE_INT16_T 1
| #define HAVE_INT32_T 1
| #define HAVE_INT64_T 1
| /* end confdefs.h.  */
| #include <stdio.h>
| #ifdef HAVE_SYS_TYPES_H
| # include <sys/types.h>
| #endif
| #ifdef HAVE_SYS_STAT_H
| # include <sys/stat.h>
| #endif
| #ifdef STDC_HEADERS
| # include <stdlib.h>
| # include <stddef.h>
| #else
| # ifdef HAVE_STDLIB_H
| #  include <stdlib.h>
| # endif
| #endif
| #ifdef HAVE_STRING_H
| # if !defined STDC_HEADERS && defined HAVE_MEMORY_H
| #  include <memory.h>
| # endif
| # include <string.h>
| #endif
| #ifdef HAVE_STRINGS_H
| # include <strings.h>
| #endif
| #ifdef HAVE_INTTYPES_H
| # include <inttypes.h>
| #endif
| #ifdef HAVE_STDINT_H
| # include <stdint.h>
| #endif
| #ifdef HAVE_UNISTD_H
| # include <unistd.h>
| #endif
| int
| main ()
| {
| if (sizeof ((intptr_t)))
| 	    return 0;
|   ;
|   return 0;
| }
configure:10237: result: yes
configure:10246: checking for uint8_t
configure:10246: gcc -c -DSQLITE_HAS_CODEC -DSQLITE_TEMP_STORE=2  conftest.c >&5
configure:10246: $? = 0
configure:10246: gcc -c -DSQLITE_HAS_CODEC -DSQLITE_TEMP_STORE=2  conftest.c >&5
conftest.c:62:22: error: expected expression
if (sizeof ((uint8_t)))
                     ^
1 error generated.
configure:10246: $? = 1
configure: failed program was:
| /* confdefs.h */
| #define PACKAGE_NAME "sqlcipher"
| #define PACKAGE_TARNAME "sqlcipher"
| #define PACKAGE_VERSION "3.8.10.2"
| #define PACKAGE_STRING "sqlcipher 3.8.10.2"
| #define PACKAGE_BUGREPORT ""
| #define PACKAGE_URL ""
| #define STDC_HEADERS 1
| #define HAVE_SYS_TYPES_H 1
| #define HAVE_SYS_STAT_H 1
| #define HAVE_STDLIB_H 1
| #define HAVE_STRING_H 1
| #define HAVE_MEMORY_H 1
| #define HAVE_STRINGS_H 1
| #define HAVE_INTTYPES_H 1
| #define HAVE_STDINT_H 1
| #define HAVE_UNISTD_H 1
| #define HAVE_DLFCN_H 1
| #define LT_OBJDIR ".libs/"
| #define HAVE_INT8_T 1
| #define HAVE_INT16_T 1
| #define HAVE_INT32_T 1
| #define HAVE_INT64_T 1
| #define HAVE_INTPTR_T 1
| /* end confdefs.h.  */
| #include <stdio.h>
| #ifdef HAVE_SYS_TYPES_H
| # include <sys/types.h>
| #endif
| #ifdef HAVE_SYS_STAT_H
| # include <sys/stat.h>
| #endif
| #ifdef STDC_HEADERS
| # include <stdlib.h>
| # include <stddef.h>
| #else
| # ifdef HAVE_STDLIB_H
| #  include <stdlib.h>
| # endif
| #endif
| #ifdef HAVE_STRING_H
| # if !defined STDC_HEADERS && defined HAVE_MEMORY_H
| #  include <memory.h>
| # endif
| # include <string.h>
| #endif
| #ifdef HAVE_STRINGS_H
| # include <strings.h>
| #endif
| #ifdef HAVE_INTTYPES_H
| # include <inttypes.h>
| #endif
| #ifdef HAVE_STDINT_H
| # include <stdint.h>
| #endif
| #ifdef HAVE_UNISTD_H
| # include <unistd.h>
| #endif
| int
| main ()
| {
| if (sizeof ((uint8_t)))
| 	    return 0;
|   ;
|   return 0;
| }
configure:10246: result: yes
configure:10255: checking for uint16_t
configure:10255: gcc -c -DSQLITE_HAS_CODEC -DSQLITE_TEMP_STORE=2  conftest.c >&5
configure:10255: $? = 0
configure:10255: gcc -c -DSQLITE_HAS_CODEC -DSQLITE_TEMP_STORE=2  conftest.c >&5
conftest.c:63:23: error: expected expression
if (sizeof ((uint16_t)))
                      ^
1 error generated.
configure:10255: $? = 1
configure: failed program was:
| /* confdefs.h */
| #define PACKAGE_NAME "sqlcipher"
| #define PACKAGE_TARNAME "sqlcipher"
| #define PACKAGE_VERSION "3.8.10.2"
| #define PACKAGE_STRING "sqlcipher 3.8.10.2"
| #define PACKAGE_BUGREPORT ""
| #define PACKAGE_URL ""
| #define STDC_HEADERS 1
| #define HAVE_SYS_TYPES_H 1
| #define HAVE_SYS_STAT_H 1
| #define HAVE_STDLIB_H 1
| #define HAVE_STRING_H 1
| #define HAVE_MEMORY_H 1
| #define HAVE_STRINGS_H 1
| #define HAVE_INTTYPES_H 1
| #define HAVE_STDINT_H 1
| #define HAVE_UNISTD_H 1
| #define HAVE_DLFCN_H 1
| #define LT_OBJDIR ".libs/"
| #define HAVE_INT8_T 1
| #define HAVE_INT16_T 1
| #define HAVE_INT32_T 1
| #define HAVE_INT64_T 1
| #define HAVE_INTPTR_T 1
| #define HAVE_UINT8_T 1
| /* end confdefs.h.  */
| #include <stdio.h>
| #ifdef HAVE_SYS_TYPES_H
| # include <sys/types.h>
| #endif
| #ifdef HAVE_SYS_STAT_H
| # include <sys/stat.h>
| #endif
| #ifdef STDC_HEADERS
| # include <stdlib.h>
| # include <stddef.h>
| #else
| # ifdef HAVE_STDLIB_H
| #  include <stdlib.h>
| # endif
| #endif
| #ifdef HAVE_STRING_H
| # if !defined STDC_HEADERS && defined HAVE_MEMORY_H
| #  include <memory.h>
| # endif
| # include <string.h>
| #endif
| #ifdef HAVE_STRINGS_H
| # include <strings.h>
| #endif
| #ifdef HAVE_INTTYPES_H
| # include <inttypes.h>
| #endif
| #ifdef HAVE_STDINT_H
| # include <stdint.h>
| #endif
| #ifdef HAVE_UNISTD_H
| # include <unistd.h>
| #endif
| int
| main ()
| {
| if (sizeof ((uint16_t)))
| 	    return 0;
|   ;
|   return 0;
| }
configure:10255: result: yes
configure:10264: checking for uint32_t
configure:10264: gcc -c -DSQLITE_HAS_CODEC -DSQLITE_TEMP_STORE=2  conftest.c >&5
configure:10264: $? = 0
configure:10264: gcc -c -DSQLITE_HAS_CODEC -DSQLITE_TEMP_STORE=2  conftest.c >&5
conftest.c:64:23: error: expected expression
if (sizeof ((uint32_t)))
                      ^
1 error generated.
configure:10264: $? = 1
configure: failed program was:
| /* confdefs.h */
| #define PACKAGE_NAME "sqlcipher"
| #define PACKAGE_TARNAME "sqlcipher"
| #define PACKAGE_VERSION "3.8.10.2"
| #define PACKAGE_STRING "sqlcipher 3.8.10.2"
| #define PACKAGE_BUGREPORT ""
| #define PACKAGE_URL ""
| #define STDC_HEADERS 1
| #define HAVE_SYS_TYPES_H 1
| #define HAVE_SYS_STAT_H 1
| #define HAVE_STDLIB_H 1
| #define HAVE_STRING_H 1
| #define HAVE_MEMORY_H 1
| #define HAVE_STRINGS_H 1
| #define HAVE_INTTYPES_H 1
| #define HAVE_STDINT_H 1
| #define HAVE_UNISTD_H 1
| #define HAVE_DLFCN_H 1
| #define LT_OBJDIR ".libs/"
| #define HAVE_INT8_T 1
| #define HAVE_INT16_T 1
| #define HAVE_INT32_T 1
| #define HAVE_INT64_T 1
| #define HAVE_INTPTR_T 1
| #define HAVE_UINT8_T 1
| #define HAVE_UINT16_T 1
| /* end confdefs.h.  */
| #include <stdio.h>
| #ifdef HAVE_SYS_TYPES_H
| # include <sys/types.h>
| #endif
| #ifdef HAVE_SYS_STAT_H
| # include <sys/stat.h>
| #endif
| #ifdef STDC_HEADERS
| # include <stdlib.h>
| # include <stddef.h>
| #else
| # ifdef HAVE_STDLIB_H
| #  include <stdlib.h>
| # endif
| #endif
| #ifdef HAVE_STRING_H
| # if !defined STDC_HEADERS && defined HAVE_MEMORY_H
| #  include <memory.h>
| # endif
| # include <string.h>
| #endif
| #ifdef HAVE_STRINGS_H
| # include <strings.h>
| #endif
| #ifdef HAVE_INTTYPES_H
| # include <inttypes.h>
| #endif
| #ifdef HAVE_STDINT_H
| # include <stdint.h>
| #endif
| #ifdef HAVE_UNISTD_H
| # include <unistd.h>
| #endif
| int
| main ()
| {
| if (sizeof ((uint32_t)))
| 	    return 0;
|   ;
|   return 0;
| }
configure:10264: result: yes
configure:10273: checking for uint64_t
configure:10273: gcc -c -DSQLITE_HAS_CODEC -DSQLITE_TEMP_STORE=2  conftest.c >&5
configure:10273: $? = 0
configure:10273: gcc -c -DSQLITE_HAS_CODEC -DSQLITE_TEMP_STORE=2  conftest.c >&5
conftest.c:65:23: error: expected expression
if (sizeof ((uint64_t)))
                      ^
1 error generated.
configure:10273: $? = 1
configure: failed program was:
| /* confdefs.h */
| #define PACKAGE_NAME "sqlcipher"
| #define PACKAGE_TARNAME "sqlcipher"
| #define PACKAGE_VERSION "3.8.10.2"
| #define PACKAGE_STRING "sqlcipher 3.8.10.2"
| #define PACKAGE_BUGREPORT ""
| #define PACKAGE_URL ""
| #define STDC_HEADERS 1
| #define HAVE_SYS_TYPES_H 1
| #define HAVE_SYS_STAT_H 1
| #define HAVE_STDLIB_H 1
| #define HAVE_STRING_H 1
| #define HAVE_MEMORY_H 1
| #define HAVE_STRINGS_H 1
| #define HAVE_INTTYPES_H 1
| #define HAVE_STDINT_H 1
| #define HAVE_UNISTD_H 1
| #define HAVE_DLFCN_H 1
| #define LT_OBJDIR ".libs/"
| #define HAVE_INT8_T 1
| #define HAVE_INT16_T 1
| #define HAVE_INT32_T 1
| #define HAVE_INT64_T 1
| #define HAVE_INTPTR_T 1
| #define HAVE_UINT8_T 1
| #define HAVE_UINT16_T 1
| #define HAVE_UINT32_T 1
| /* end confdefs.h.  */
| #include <stdio.h>
| #ifdef HAVE_SYS_TYPES_H
| # include <sys/types.h>
| #endif
| #ifdef HAVE_SYS_STAT_H
| # include <sys/stat.h>
| #endif
| #ifdef STDC_HEADERS
| # include <stdlib.h>
| # include <stddef.h>
| #else
| # ifdef HAVE_STDLIB_H
| #  include <stdlib.h>
| # endif
| #endif
| #ifdef HAVE_STRING_H
| # if !defined STDC_HEADERS && defined HAVE_MEMORY_H
| #  include <memory.h>
| # endif
| # include <string.h>
| #endif
| #ifdef HAVE_STRINGS_H
| # include <strings.h>
| #endif
| #ifdef HAVE_INTTYPES_H
| # include <inttypes.h>
| #endif
| #ifdef HAVE_STDINT_H
| # include <stdint.h>
| #endif
| #ifdef HAVE_UNISTD_H
| # include <unistd.h>
| #endif
| int
| main ()
| {
| if (sizeof ((uint64_t)))
| 	    return 0;
|   ;
|   return 0;
| }
configure:10273: result: yes
configure:10282: checking for uintptr_t
configure:10282: gcc -c -DSQLITE_HAS_CODEC -DSQLITE_TEMP_STORE=2  conftest.c >&5
configure:10282: $? = 0
configure:10282: gcc -c -DSQLITE_HAS_CODEC -DSQLITE_TEMP_STORE=2  conftest.c >&5
conftest.c:66:24: error: expected expression
if (sizeof ((uintptr_t)))
                       ^
1 error generated.
configure:10282: $? = 1
configure: failed program was:
| /* confdefs.h */
| #define PACKAGE_NAME "sqlcipher"
| #define PACKAGE_TARNAME "sqlcipher"
| #define PACKAGE_VERSION "3.8.10.2"
| #define PACKAGE_STRING "sqlcipher 3.8.10.2"
| #define PACKAGE_BUGREPORT ""
| #define PACKAGE_URL ""
| #define STDC_HEADERS 1
| #define HAVE_SYS_TYPES_H 1
| #define HAVE_SYS_STAT_H 1
| #define HAVE_STDLIB_H 1
| #define HAVE_STRING_H 1
| #define HAVE_MEMORY_H 1
| #define HAVE_STRINGS_H 1
| #define HAVE_INTTYPES_H 1
| #define HAVE_STDINT_H 1
| #define HAVE_UNISTD_H 1
| #define HAVE_DLFCN_H 1
| #define LT_OBJDIR ".libs/"
| #define HAVE_INT8_T 1
| #define HAVE_INT16_T 1
| #define HAVE_INT32_T 1
| #define HAVE_INT64_T 1
| #define HAVE_INTPTR_T 1
| #define HAVE_UINT8_T 1
| #define HAVE_UINT16_T 1
| #define HAVE_UINT32_T 1
| #define HAVE_UINT64_T 1
| /* end confdefs.h.  */
| #include <stdio.h>
| #ifdef HAVE_SYS_TYPES_H
| # include <sys/types.h>
| #endif
| #ifdef HAVE_SYS_STAT_H
| # include <sys/stat.h>
| #endif
| #ifdef STDC_HEADERS
| # include <stdlib.h>
| # include <stddef.h>
| #else
| # ifdef HAVE_STDLIB_H
| #  include <stdlib.h>
| # endif
| #endif
| #ifdef HAVE_STRING_H
| # if !defined STDC_HEADERS && defined HAVE_MEMORY_H
| #  include <memory.h>
| # endif
| # include <string.h>
| #endif
| #ifdef HAVE_STRINGS_H
| # include <strings.h>
| #endif
| #ifdef HAVE_INTTYPES_H
| # include <inttypes.h>
| #endif
| #ifdef HAVE_STDINT_H
| # include <stdint.h>
| #endif
| #ifdef HAVE_UNISTD_H
| # include <unistd.h>
| #endif
| int
| main ()
| {
| if (sizeof ((uintptr_t)))
| 	    return 0;
|   ;
|   return 0;
| }
configure:10282: result: yes
configure:10298: checking for sys/types.h
configure:10298: result: yes
configure:10298: checking for stdlib.h
configure:10298: result: yes
configure:10298: checking for stdint.h
configure:10298: result: yes
configure:10298: checking for inttypes.h
configure:10298: result: yes
configure:10298: checking malloc.h usability
configure:10298: gcc -c -DSQLITE_HAS_CODEC -DSQLITE_TEMP_STORE=2  conftest.c >&5
conftest.c:68:10: fatal error: 'malloc.h' file not found
#include <malloc.h>
         ^
1 error generated.
configure:10298: $? = 1
configure: failed program was:
| /* confdefs.h */
| #define PACKAGE_NAME "sqlcipher"
| #define PACKAGE_TARNAME "sqlcipher"
| #define PACKAGE_VERSION "3.8.10.2"
| #define PACKAGE_STRING "sqlcipher 3.8.10.2"
| #define PACKAGE_BUGREPORT ""
| #define PACKAGE_URL ""
| #define STDC_HEADERS 1
| #define HAVE_SYS_TYPES_H 1
| #define HAVE_SYS_STAT_H 1
| #define HAVE_STDLIB_H 1
| #define HAVE_STRING_H 1
| #define HAVE_MEMORY_H 1
| #define HAVE_STRINGS_H 1
| #define HAVE_INTTYPES_H 1
| #define HAVE_STDINT_H 1
| #define HAVE_UNISTD_H 1
| #define HAVE_DLFCN_H 1
| #define LT_OBJDIR ".libs/"
| #define HAVE_INT8_T 1
| #define HAVE_INT16_T 1
| #define HAVE_INT32_T 1
| #define HAVE_INT64_T 1
| #define HAVE_INTPTR_T 1
| #define HAVE_UINT8_T 1
| #define HAVE_UINT16_T 1
| #define HAVE_UINT32_T 1
| #define HAVE_UINT64_T 1
| #define HAVE_UINTPTR_T 1
| #define HAVE_SYS_TYPES_H 1
| #define HAVE_STDLIB_H 1
| #define HAVE_STDINT_H 1
| #define HAVE_INTTYPES_H 1
| /* end confdefs.h.  */
| #include <stdio.h>
| #ifdef HAVE_SYS_TYPES_H
| # include <sys/types.h>
| #endif
| #ifdef HAVE_SYS_STAT_H
| # include <sys/stat.h>
| #endif
| #ifdef STDC_HEADERS
| # include <stdlib.h>
| # include <stddef.h>
| #else
| # ifdef HAVE_STDLIB_H
| #  include <stdlib.h>
| # endif
| #endif
| #ifdef HAVE_STRING_H
| # if !defined STDC_HEADERS && defined HAVE_MEMORY_H
| #  include <memory.h>
| # endif
| # include <string.h>
| #endif
| #ifdef HAVE_STRINGS_H
| # include <strings.h>
| #endif
| #ifdef HAVE_INTTYPES_H
| # include <inttypes.h>
| #endif
| #ifdef HAVE_STDINT_H
| # include <stdint.h>
| #endif
| #ifdef HAVE_UNISTD_H
| # include <unistd.h>
| #endif
| #include <malloc.h>
configure:10298: result: no
configure:10298: checking malloc.h presence
configure:10298: gcc -E  conftest.c
conftest.c:35:10: fatal error: 'malloc.h' file not found
#include <malloc.h>
         ^
1 error generated.
configure:10298: $? = 1
configure: failed program was:
| /* confdefs.h */
| #define PACKAGE_NAME "sqlcipher"
| #define PACKAGE_TARNAME "sqlcipher"
| #define PACKAGE_VERSION "3.8.10.2"
| #define PACKAGE_STRING "sqlcipher 3.8.10.2"
| #define PACKAGE_BUGREPORT ""
| #define PACKAGE_URL ""
| #define STDC_HEADERS 1
| #define HAVE_SYS_TYPES_H 1
| #define HAVE_SYS_STAT_H 1
| #define HAVE_STDLIB_H 1
| #define HAVE_STRING_H 1
| #define HAVE_MEMORY_H 1
| #define HAVE_STRINGS_H 1
| #define HAVE_INTTYPES_H 1
| #define HAVE_STDINT_H 1
| #define HAVE_UNISTD_H 1
| #define HAVE_DLFCN_H 1
| #define LT_OBJDIR ".libs/"
| #define HAVE_INT8_T 1
| #define HAVE_INT16_T 1
| #define HAVE_INT32_T 1
| #define HAVE_INT64_T 1
| #define HAVE_INTPTR_T 1
| #define HAVE_UINT8_T 1
| #define HAVE_UINT16_T 1
| #define HAVE_UINT32_T 1
| #define HAVE_UINT64_T 1
| #define HAVE_UINTPTR_T 1
| #define HAVE_SYS_TYPES_H 1
| #define HAVE_STDLIB_H 1
| #define HAVE_STDINT_H 1
| #define HAVE_INTTYPES_H 1
| /* end confdefs.h.  */
| #include <malloc.h>
configure:10298: result: no
configure:10298: checking for malloc.h
configure:10298: result: no
configure:10315: checking for fdatasync
configure:10315: gcc -o conftest -DSQLITE_HAS_CODEC -DSQLITE_TEMP_STORE=2   conftest.c  >&5
configure:10315: $? = 0
configure:10315: result: yes
configure:10315: checking for gmtime_r
configure:10315: gcc -o conftest -DSQLITE_HAS_CODEC -DSQLITE_TEMP_STORE=2   conftest.c  >&5
configure:10315: $? = 0
configure:10315: result: yes
configure:10315: checking for isnan
configure:10315: gcc -o conftest -DSQLITE_HAS_CODEC -DSQLITE_TEMP_STORE=2   conftest.c  >&5
configure:10315: $? = 0
configure:10315: result: yes
configure:10315: checking for localtime_r
configure:10315: gcc -o conftest -DSQLITE_HAS_CODEC -DSQLITE_TEMP_STORE=2   conftest.c  >&5
configure:10315: $? = 0
configure:10315: result: yes
configure:10315: checking for localtime_s
configure:10315: gcc -o conftest -DSQLITE_HAS_CODEC -DSQLITE_TEMP_STORE=2   conftest.c  >&5
Undefined symbols for architecture x86_64:
  "_localtime_s", referenced from:
      _main in conftest-32dde2.o
ld: symbol(s) not found for architecture x86_64
clang: error: linker command failed with exit code 1 (use -v to see invocation)
configure:10315: $? = 1
configure: failed program was:
| /* confdefs.h */
| #define PACKAGE_NAME "sqlcipher"
| #define PACKAGE_TARNAME "sqlcipher"
| #define PACKAGE_VERSION "3.8.10.2"
| #define PACKAGE_STRING "sqlcipher 3.8.10.2"
| #define PACKAGE_BUGREPORT ""
| #define PACKAGE_URL ""
| #define STDC_HEADERS 1
| #define HAVE_SYS_TYPES_H 1
| #define HAVE_SYS_STAT_H 1
| #define HAVE_STDLIB_H 1
| #define HAVE_STRING_H 1
| #define HAVE_MEMORY_H 1
| #define HAVE_STRINGS_H 1
| #define HAVE_INTTYPES_H 1
| #define HAVE_STDINT_H 1
| #define HAVE_UNISTD_H 1
| #define HAVE_DLFCN_H 1
| #define LT_OBJDIR ".libs/"
| #define HAVE_INT8_T 1
| #define HAVE_INT16_T 1
| #define HAVE_INT32_T 1
| #define HAVE_INT64_T 1
| #define HAVE_INTPTR_T 1
| #define HAVE_UINT8_T 1
| #define HAVE_UINT16_T 1
| #define HAVE_UINT32_T 1
| #define HAVE_UINT64_T 1
| #define HAVE_UINTPTR_T 1
| #define HAVE_SYS_TYPES_H 1
| #define HAVE_STDLIB_H 1
| #define HAVE_STDINT_H 1
| #define HAVE_INTTYPES_H 1
| #define HAVE_FDATASYNC 1
| #define HAVE_GMTIME_R 1
| #define HAVE_ISNAN 1
| #define HAVE_LOCALTIME_R 1
| /* end confdefs.h.  */
| /* Define localtime_s to an innocuous variant, in case <limits.h> declares localtime_s.
|    For example, HP-UX 11i <limits.h> declares gettimeofday.  */
| #define localtime_s innocuous_localtime_s
| 
| /* System header to define __stub macros and hopefully few prototypes,
|     which can conflict with char localtime_s (); below.
|     Prefer <limits.h> to <assert.h> if __STDC__ is defined, since
|     <limits.h> exists even on freestanding compilers.  */
| 
| #ifdef __STDC__
| # include <limits.h>
| #else
| # include <assert.h>
| #endif
| 
| #undef localtime_s
| 
| /* Override any GCC internal prototype to avoid an error.
|    Use char because int might match the return type of a GCC
|    builtin and then its argument prototype would still apply.  */
| #ifdef __cplusplus
| extern "C"
| #endif
| char localtime_s ();
| /* The GNU C library defines this for functions which it implements
|     to always fail with ENOSYS.  Some functions are actually named
|     something starting with __ and the normal name is an alias.  */
| #if defined __stub_localtime_s || defined __stub___localtime_s
| choke me
| #endif
| 
| int
| main ()
| {
| return localtime_s ();
|   ;
|   return 0;
| }
configure:10315: result: no
configure:10315: checking for malloc_usable_size
configure:10315: gcc -o conftest -DSQLITE_HAS_CODEC -DSQLITE_TEMP_STORE=2   conftest.c  >&5
Undefined symbols for architecture x86_64:
  "_malloc_usable_size", referenced from:
      _main in conftest-463343.o
ld: symbol(s) not found for architecture x86_64
clang: error: linker command failed with exit code 1 (use -v to see invocation)
configure:10315: $? = 1
configure: failed program was:
| /* confdefs.h */
| #define PACKAGE_NAME "sqlcipher"
| #define PACKAGE_TARNAME "sqlcipher"
| #define PACKAGE_VERSION "3.8.10.2"
| #define PACKAGE_STRING "sqlcipher 3.8.10.2"
| #define PACKAGE_BUGREPORT ""
| #define PACKAGE_URL ""
| #define STDC_HEADERS 1
| #define HAVE_SYS_TYPES_H 1
| #define HAVE_SYS_STAT_H 1
| #define HAVE_STDLIB_H 1
| #define HAVE_STRING_H 1
| #define HAVE_MEMORY_H 1
| #define HAVE_STRINGS_H 1
| #define HAVE_INTTYPES_H 1
| #define HAVE_STDINT_H 1
| #define HAVE_UNISTD_H 1
| #define HAVE_DLFCN_H 1
| #define LT_OBJDIR ".libs/"
| #define HAVE_INT8_T 1
| #define HAVE_INT16_T 1
| #define HAVE_INT32_T 1
| #define HAVE_INT64_T 1
| #define HAVE_INTPTR_T 1
| #define HAVE_UINT8_T 1
| #define HAVE_UINT16_T 1
| #define HAVE_UINT32_T 1
| #define HAVE_UINT64_T 1
| #define HAVE_UINTPTR_T 1
| #define HAVE_SYS_TYPES_H 1
| #define HAVE_STDLIB_H 1
| #define HAVE_STDINT_H 1
| #define HAVE_INTTYPES_H 1
| #define HAVE_FDATASYNC 1
| #define HAVE_GMTIME_R 1
| #define HAVE_ISNAN 1
| #define HAVE_LOCALTIME_R 1
| /* end confdefs.h.  */
| /* Define malloc_usable_size to an innocuous variant, in case <limits.h> declares malloc_usable_size.
|    For example, HP-UX 11i <limits.h> declares gettimeofday.  */
| #define malloc_usable_size innocuous_malloc_usable_size
| 
| /* System header to define __stub macros and hopefully few prototypes,
|     which can conflict with char malloc_usable_size (); below.
|     Prefer <limits.h> to <assert.h> if __STDC__ is defined, since
|     <limits.h> exists even on freestanding compilers.  */
| 
| #ifdef __STDC__
| # include <limits.h>
| #else
| # include <assert.h>
| #endif
| 
| #undef malloc_usable_size
| 
| /* Override any GCC internal prototype to avoid an error.
|    Use char because int might match the return type of a GCC
|    builtin and then its argument prototype would still apply.  */
| #ifdef __cplusplus
| extern "C"
| #endif
| char malloc_usable_size ();
| /* The GNU C library defines this for functions which it implements
|     to always fail with ENOSYS.  Some functions are actually named
|     something starting with __ and the normal name is an alias.  */
| #if defined __stub_malloc_usable_size || defined __stub___malloc_usable_size
| choke me
| #endif
| 
| int
| main ()
| {
| return malloc_usable_size ();
|   ;
|   return 0;
| }
configure:10315: result: no
configure:10315: checking for strchrnul
configure:10315: gcc -o conftest -DSQLITE_HAS_CODEC -DSQLITE_TEMP_STORE=2   conftest.c  >&5
Undefined symbols for architecture x86_64:
  "_strchrnul", referenced from:
      _main in conftest-14df05.o
ld: symbol(s) not found for architecture x86_64
clang: error: linker command failed with exit code 1 (use -v to see invocation)
configure:10315: $? = 1
configure: failed program was:
| /* confdefs.h */
| #define PACKAGE_NAME "sqlcipher"
| #define PACKAGE_TARNAME "sqlcipher"
| #define PACKAGE_VERSION "3.8.10.2"
| #define PACKAGE_STRING "sqlcipher 3.8.10.2"
| #define PACKAGE_BUGREPORT ""
| #define PACKAGE_URL ""
| #define STDC_HEADERS 1
| #define HAVE_SYS_TYPES_H 1
| #define HAVE_SYS_STAT_H 1
| #define HAVE_STDLIB_H 1
| #define HAVE_STRING_H 1
| #define HAVE_MEMORY_H 1
| #define HAVE_STRINGS_H 1
| #define HAVE_INTTYPES_H 1
| #define HAVE_STDINT_H 1
| #define HAVE_UNISTD_H 1
| #define HAVE_DLFCN_H 1
| #define LT_OBJDIR ".libs/"
| #define HAVE_INT8_T 1
| #define HAVE_INT16_T 1
| #define HAVE_INT32_T 1
| #define HAVE_INT64_T 1
| #define HAVE_INTPTR_T 1
| #define HAVE_UINT8_T 1
| #define HAVE_UINT16_T 1
| #define HAVE_UINT32_T 1
| #define HAVE_UINT64_T 1
| #define HAVE_UINTPTR_T 1
| #define HAVE_SYS_TYPES_H 1
| #define HAVE_STDLIB_H 1
| #define HAVE_STDINT_H 1
| #define HAVE_INTTYPES_H 1
| #define HAVE_FDATASYNC 1
| #define HAVE_GMTIME_R 1
| #define HAVE_ISNAN 1
| #define HAVE_LOCALTIME_R 1
| /* end confdefs.h.  */
| /* Define strchrnul to an innocuous variant, in case <limits.h> declares strchrnul.
|    For example, HP-UX 11i <limits.h> declares gettimeofday.  */
| #define strchrnul innocuous_strchrnul
| 
| /* System header to define __stub macros and hopefully few prototypes,
|     which can conflict with char strchrnul (); below.
|     Prefer <limits.h> to <assert.h> if __STDC__ is defined, since
|     <limits.h> exists even on freestanding compilers.  */
| 
| #ifdef __STDC__
| # include <limits.h>
| #else
| # include <assert.h>
| #endif
| 
| #undef strchrnul
| 
| /* Override any GCC internal prototype to avoid an error.
|    Use char because int might match the return type of a GCC
|    builtin and then its argument prototype would still apply.  */
| #ifdef __cplusplus
| extern "C"
| #endif
| char strchrnul ();
| /* The GNU C library defines this for functions which it implements
|     to always fail with ENOSYS.  Some functions are actually named
|     something starting with __ and the normal name is an alias.  */
| #if defined __stub_strchrnul || defined __stub___strchrnul
| choke me
| #endif
| 
| int
| main ()
| {
| return strchrnul ();
|   ;
|   return 0;
| }
configure:10315: result: no
configure:10315: checking for usleep
configure:10315: gcc -o conftest -DSQLITE_HAS_CODEC -DSQLITE_TEMP_STORE=2   conftest.c  >&5
configure:10315: $? = 0
configure:10315: result: yes
configure:10315: checking for utime
configure:10315: gcc -o conftest -DSQLITE_HAS_CODEC -DSQLITE_TEMP_STORE=2   conftest.c  >&5
configure:10315: $? = 0
configure:10315: result: yes
configure:10339: checking for tclsh8.6
configure:10369: result: no
configure:10339: checking for tclsh8.5
configure:10355: found /usr/bin/tclsh8.5
configure:10366: result: tclsh8.5
configure:10406: Version set to 3.8
configure:10410: Release set to 3.8.10.2
configure:10416: Version number set to 3008010
configure:10488: checking whether to support threadsafe operation
configure:10496: result: yes
configure:10502: checking for library containing pthread_create
configure:10533: gcc -o conftest -DSQLITE_HAS_CODEC -DSQLITE_TEMP_STORE=2   conftest.c  >&5
configure:10533: $? = 0
configure:10550: result: none required
configure:10569: checking for crypto library to use
configure:10578: result: commoncrypto
configure:10701: checking whether to allow connections to be shared across threads
configure:10705: result: no
configure:10724: checking whether to support shared library linked as release mode or not
configure:10728: result: no
configure:10747: checking whether to use an in-ram database for temporary tables
configure:10762: result: yes
configure:10784: checking if executables have the .exe suffix
configure:10791: result: unknown
configure:10849: checking for Tcl configuration
configure:10935: WARNING: Can't find Tcl configuration definitions
configure:10937: WARNING: *** Without Tcl the regression tests cannot be executed ***
configure:10939: WARNING: *** Consider using --with-tcl=... to define location of Tcl ***
configure:11035: checking for library containing tgetent
configure:11066: gcc -o conftest -DSQLITE_HAS_CODEC -DSQLITE_TEMP_STORE=2 -DSQLCIPHER_CRYPTO_CC -DSQLITE_OS_UNIX=1   conftest.c  >&5
Undefined symbols for architecture x86_64:
  "_tgetent", referenced from:
      _main in conftest-5d810e.o
ld: symbol(s) not found for architecture x86_64
clang: error: linker command failed with exit code 1 (use -v to see invocation)
configure:11066: $? = 1
configure: failed program was:
| /* confdefs.h */
| #define PACKAGE_NAME "sqlcipher"
| #define PACKAGE_TARNAME "sqlcipher"
| #define PACKAGE_VERSION "3.8.10.2"
| #define PACKAGE_STRING "sqlcipher 3.8.10.2"
| #define PACKAGE_BUGREPORT ""
| #define PACKAGE_URL ""
| #define STDC_HEADERS 1
| #define HAVE_SYS_TYPES_H 1
| #define HAVE_SYS_STAT_H 1
| #define HAVE_STDLIB_H 1
| #define HAVE_STRING_H 1
| #define HAVE_MEMORY_H 1
| #define HAVE_STRINGS_H 1
| #define HAVE_INTTYPES_H 1
| #define HAVE_STDINT_H 1
| #define HAVE_UNISTD_H 1
| #define HAVE_DLFCN_H 1
| #define LT_OBJDIR ".libs/"
| #define HAVE_INT8_T 1
| #define HAVE_INT16_T 1
| #define HAVE_INT32_T 1
| #define HAVE_INT64_T 1
| #define HAVE_INTPTR_T 1
| #define HAVE_UINT8_T 1
| #define HAVE_UINT16_T 1
| #define HAVE_UINT32_T 1
| #define HAVE_UINT64_T 1
| #define HAVE_UINTPTR_T 1
| #define HAVE_SYS_TYPES_H 1
| #define HAVE_STDLIB_H 1
| #define HAVE_STDINT_H 1
| #define HAVE_INTTYPES_H 1
| #define HAVE_FDATASYNC 1
| #define HAVE_GMTIME_R 1
| #define HAVE_ISNAN 1
| #define HAVE_LOCALTIME_R 1
| #define HAVE_USLEEP 1
| #define HAVE_UTIME 1
| /* end confdefs.h.  */
| 
| /* Override any GCC internal prototype to avoid an error.
|    Use char because int might match the return type of a GCC
|    builtin and then its argument prototype would still apply.  */
| #ifdef __cplusplus
| extern "C"
| #endif
| char tgetent ();
| int
| main ()
| {
| return tgetent ();
|   ;
|   return 0;
| }
configure:11066: gcc -o conftest -DSQLITE_HAS_CODEC -DSQLITE_TEMP_STORE=2 -DSQLCIPHER_CRYPTO_CC -DSQLITE_OS_UNIX=1   conftest.c -lreadline   >&5
Undefined symbols for architecture x86_64:
  "_tgetent", referenced from:
      _main in conftest-58378d.o
ld: symbol(s) not found for architecture x86_64
clang: error: linker command failed with exit code 1 (use -v to see invocation)
configure:11066: $? = 1
configure: failed program was:
| /* confdefs.h */
| #define PACKAGE_NAME "sqlcipher"
| #define PACKAGE_TARNAME "sqlcipher"
| #define PACKAGE_VERSION "3.8.10.2"
| #define PACKAGE_STRING "sqlcipher 3.8.10.2"
| #define PACKAGE_BUGREPORT ""
| #define PACKAGE_URL ""
| #define STDC_HEADERS 1
| #define HAVE_SYS_TYPES_H 1
| #define HAVE_SYS_STAT_H 1
| #define HAVE_STDLIB_H 1
| #define HAVE_STRING_H 1
| #define HAVE_MEMORY_H 1
| #define HAVE_STRINGS_H 1
| #define HAVE_INTTYPES_H 1
| #define HAVE_STDINT_H 1
| #define HAVE_UNISTD_H 1
| #define HAVE_DLFCN_H 1
| #define LT_OBJDIR ".libs/"
| #define HAVE_INT8_T 1
| #define HAVE_INT16_T 1
| #define HAVE_INT32_T 1
| #define HAVE_INT64_T 1
| #define HAVE_INTPTR_T 1
| #define HAVE_UINT8_T 1
| #define HAVE_UINT16_T 1
| #define HAVE_UINT32_T 1
| #define HAVE_UINT64_T 1
| #define HAVE_UINTPTR_T 1
| #define HAVE_SYS_TYPES_H 1
| #define HAVE_STDLIB_H 1
| #define HAVE_STDINT_H 1
| #define HAVE_INTTYPES_H 1
| #define HAVE_FDATASYNC 1
| #define HAVE_GMTIME_R 1
| #define HAVE_ISNAN 1
| #define HAVE_LOCALTIME_R 1
| #define HAVE_USLEEP 1
| #define HAVE_UTIME 1
| /* end confdefs.h.  */
| 
| /* Override any GCC internal prototype to avoid an error.
|    Use char because int might match the return type of a GCC
|    builtin and then its argument prototype would still apply.  */
| #ifdef __cplusplus
| extern "C"
| #endif
| char tgetent ();
| int
| main ()
| {
| return tgetent ();
|   ;
|   return 0;
| }
configure:11066: gcc -o conftest -DSQLITE_HAS_CODEC -DSQLITE_TEMP_STORE=2 -DSQLCIPHER_CRYPTO_CC -DSQLITE_OS_UNIX=1   conftest.c -lncurses   >&5
configure:11066: $? = 0
configure:11083: result: -lncurses
configure:11093: checking for readline in -lreadline
configure:11118: gcc -o conftest -DSQLITE_HAS_CODEC -DSQLITE_TEMP_STORE=2 -DSQLCIPHER_CRYPTO_CC -DSQLITE_OS_UNIX=1   conftest.c -lreadline  -lncurses  >&5
configure:11118: $? = 0
configure:11127: result: yes
configure:11150: checking readline.h usability
configure:11150: gcc -c -DSQLITE_HAS_CODEC -DSQLITE_TEMP_STORE=2 -DSQLCIPHER_CRYPTO_CC -DSQLITE_OS_UNIX=1  conftest.c >&5
conftest.c:74:10: fatal error: 'readline.h' file not found
#include <readline.h>
         ^
1 error generated.
configure:11150: $? = 1
configure: failed program was:
| /* confdefs.h */
| #define PACKAGE_NAME "sqlcipher"
| #define PACKAGE_TARNAME "sqlcipher"
| #define PACKAGE_VERSION "3.8.10.2"
| #define PACKAGE_STRING "sqlcipher 3.8.10.2"
| #define PACKAGE_BUGREPORT ""
| #define PACKAGE_URL ""
| #define STDC_HEADERS 1
| #define HAVE_SYS_TYPES_H 1
| #define HAVE_SYS_STAT_H 1
| #define HAVE_STDLIB_H 1
| #define HAVE_STRING_H 1
| #define HAVE_MEMORY_H 1
| #define HAVE_STRINGS_H 1
| #define HAVE_INTTYPES_H 1
| #define HAVE_STDINT_H 1
| #define HAVE_UNISTD_H 1
| #define HAVE_DLFCN_H 1
| #define LT_OBJDIR ".libs/"
| #define HAVE_INT8_T 1
| #define HAVE_INT16_T 1
| #define HAVE_INT32_T 1
| #define HAVE_INT64_T 1
| #define HAVE_INTPTR_T 1
| #define HAVE_UINT8_T 1
| #define HAVE_UINT16_T 1
| #define HAVE_UINT32_T 1
| #define HAVE_UINT64_T 1
| #define HAVE_UINTPTR_T 1
| #define HAVE_SYS_TYPES_H 1
| #define HAVE_STDLIB_H 1
| #define HAVE_STDINT_H 1
| #define HAVE_INTTYPES_H 1
| #define HAVE_FDATASYNC 1
| #define HAVE_GMTIME_R 1
| #define HAVE_ISNAN 1
| #define HAVE_LOCALTIME_R 1
| #define HAVE_USLEEP 1
| #define HAVE_UTIME 1
| /* end confdefs.h.  */
| #include <stdio.h>
| #ifdef HAVE_SYS_TYPES_H
| # include <sys/types.h>
| #endif
| #ifdef HAVE_SYS_STAT_H
| # include <sys/stat.h>
| #endif
| #ifdef STDC_HEADERS
| # include <stdlib.h>
| # include <stddef.h>
| #else
| # ifdef HAVE_STDLIB_H
| #  include <stdlib.h>
| # endif
| #endif
| #ifdef HAVE_STRING_H
| # if !defined STDC_HEADERS && defined HAVE_MEMORY_H
| #  include <memory.h>
| # endif
| # include <string.h>
| #endif
| #ifdef HAVE_STRINGS_H
| # include <strings.h>
| #endif
| #ifdef HAVE_INTTYPES_H
| # include <inttypes.h>
| #endif
| #ifdef HAVE_STDINT_H
| # include <stdint.h>
| #endif
| #ifdef HAVE_UNISTD_H
| # include <unistd.h>
| #endif
| #include <readline.h>
configure:11150: result: no
configure:11150: checking readline.h presence
configure:11150: gcc -E  conftest.c
conftest.c:41:10: fatal error: 'readline.h' file not found
#include <readline.h>
         ^
1 error generated.
configure:11150: $? = 1
configure: failed program was:
| /* confdefs.h */
| #define PACKAGE_NAME "sqlcipher"
| #define PACKAGE_TARNAME "sqlcipher"
| #define PACKAGE_VERSION "3.8.10.2"
| #define PACKAGE_STRING "sqlcipher 3.8.10.2"
| #define PACKAGE_BUGREPORT ""
| #define PACKAGE_URL ""
| #define STDC_HEADERS 1
| #define HAVE_SYS_TYPES_H 1
| #define HAVE_SYS_STAT_H 1
| #define HAVE_STDLIB_H 1
| #define HAVE_STRING_H 1
| #define HAVE_MEMORY_H 1
| #define HAVE_STRINGS_H 1
| #define HAVE_INTTYPES_H 1
| #define HAVE_STDINT_H 1
| #define HAVE_UNISTD_H 1
| #define HAVE_DLFCN_H 1
| #define LT_OBJDIR ".libs/"
| #define HAVE_INT8_T 1
| #define HAVE_INT16_T 1
| #define HAVE_INT32_T 1
| #define HAVE_INT64_T 1
| #define HAVE_INTPTR_T 1
| #define HAVE_UINT8_T 1
| #define HAVE_UINT16_T 1
| #define HAVE_UINT32_T 1
| #define HAVE_UINT64_T 1
| #define HAVE_UINTPTR_T 1
| #define HAVE_SYS_TYPES_H 1
| #define HAVE_STDLIB_H 1
| #define HAVE_STDINT_H 1
| #define HAVE_INTTYPES_H 1
| #define HAVE_FDATASYNC 1
| #define HAVE_GMTIME_R 1
| #define HAVE_ISNAN 1
| #define HAVE_LOCALTIME_R 1
| #define HAVE_USLEEP 1
| #define HAVE_UTIME 1
| /* end confdefs.h.  */
| #include <readline.h>
configure:11150: result: no
configure:11150: checking for readline.h
configure:11150: result: no
configure:11160: checking for /usr/include/readline.h
configure:11174: result: no
configure:11160: checking for /usr/include/readline/readline.h
configure:11174: result: no
configure:11160: checking for /usr/local/include/readline.h
configure:11174: result: no
configure:11160: checking for /usr/local/include/readline/readline.h
configure:11174: result: no
configure:11160: checking for /usr/local/readline/include/readline.h
configure:11174: result: no
configure:11160: checking for /usr/local/readline/include/readline/readline.h
configure:11174: result: no
configure:11160: checking for /usr/contrib/include/readline.h
configure:11174: result: no
configure:11160: checking for /usr/contrib/include/readline/readline.h
configure:11174: result: no
configure:11160: checking for /mingw/include/readline.h
configure:11174: result: no
configure:11160: checking for /mingw/include/readline/readline.h
configure:11174: result: no
configure:11213: checking for library containing fdatasync
configure:11244: gcc -o conftest -DSQLITE_HAS_CODEC -DSQLITE_TEMP_STORE=2 -DSQLCIPHER_CRYPTO_CC -DSQLITE_OS_UNIX=1   conftest.c  >&5
configure:11244: $? = 0
configure:11261: result: none required
configure:11311: checking for library containing dlopen
configure:11342: gcc -o conftest -DSQLITE_HAS_CODEC -DSQLITE_TEMP_STORE=2 -DSQLCIPHER_CRYPTO_CC -DSQLITE_OS_UNIX=1   conftest.c  >&5
configure:11342: $? = 0
configure:11359: result: none required
configure:11564: creating ./config.status

## ---------------------- ##
## Running config.status. ##
## ---------------------- ##

This file was extended by sqlcipher config.status 3.8.10.2, which was
generated by GNU Autoconf 2.69.  Invocation command line was

  CONFIG_FILES    = 
  CONFIG_HEADERS  = 
  CONFIG_LINKS    = 
  CONFIG_COMMANDS = 
  $ ./config.status 

on jinkedeMacBook-Pro.local

config.status:1078: creating Makefile
config.status:1078: creating sqlcipher.pc
config.status:1078: creating config.h
config.status:1253: config.h is unchanged
config.status:1267: executing libtool commands

## ---------------- ##
## Cache variables. ##
## ---------------- ##

ac_cv_build=i386-apple-darwin15.0.0
ac_cv_c_compiler_gnu=yes
ac_cv_env_CC_set=
ac_cv_env_CC_value=
ac_cv_env_CFLAGS_set=set
ac_cv_env_CFLAGS_value='-DSQLITE_HAS_CODEC -DSQLITE_TEMP_STORE=2'
ac_cv_env_CPPFLAGS_set=
ac_cv_env_CPPFLAGS_value=
ac_cv_env_CPP_set=
ac_cv_env_CPP_value=
ac_cv_env_LDFLAGS_set=
ac_cv_env_LDFLAGS_value=
ac_cv_env_LIBS_set=
ac_cv_env_LIBS_value=
ac_cv_env_TCLLIBDIR_set=
ac_cv_env_TCLLIBDIR_value=
ac_cv_env_build_alias_set=
ac_cv_env_build_alias_value=
ac_cv_env_host_alias_set=
ac_cv_env_host_alias_value=
ac_cv_env_target_alias_set=
ac_cv_env_target_alias_value=
ac_cv_file__mingw_include_readline_h=no
ac_cv_file__mingw_include_readline_readline_h=no
ac_cv_file__usr_contrib_include_readline_h=no
ac_cv_file__usr_contrib_include_readline_readline_h=no
ac_cv_file__usr_include_readline_h=no
ac_cv_file__usr_include_readline_readline_h=no
ac_cv_file__usr_local_include_readline_h=no
ac_cv_file__usr_local_include_readline_readline_h=no
ac_cv_file__usr_local_readline_include_readline_h=no
ac_cv_file__usr_local_readline_include_readline_readline_h=no
ac_cv_func_fdatasync=yes
ac_cv_func_gmtime_r=yes
ac_cv_func_isnan=yes
ac_cv_func_localtime_r=yes
ac_cv_func_localtime_s=no
ac_cv_func_malloc_usable_size=no
ac_cv_func_strchrnul=no
ac_cv_func_usleep=yes
ac_cv_func_utime=yes
ac_cv_header_dlfcn_h=yes
ac_cv_header_inttypes_h=yes
ac_cv_header_malloc_h=no
ac_cv_header_memory_h=yes
ac_cv_header_readline_h=no
ac_cv_header_stdc=yes
ac_cv_header_stdint_h=yes
ac_cv_header_stdlib_h=yes
ac_cv_header_string_h=yes
ac_cv_header_strings_h=yes
ac_cv_header_sys_stat_h=yes
ac_cv_header_sys_types_h=yes
ac_cv_header_unistd_h=yes
ac_cv_host=i386-apple-darwin15.0.0
ac_cv_lib_readline_readline=yes
ac_cv_objext=o
ac_cv_path_EGREP='/usr/bin/grep -E'
ac_cv_path_FGREP='/usr/bin/grep -F'
ac_cv_path_GREP=/usr/bin/grep
ac_cv_path_SED=/usr/bin/sed
ac_cv_path_install='/usr/bin/install -c'
ac_cv_prog_AWK=awk
ac_cv_prog_CPP='gcc -E'
ac_cv_prog_TCLSH_CMD=tclsh8.5
ac_cv_prog_ac_ct_AR=ar
ac_cv_prog_ac_ct_CC=gcc
ac_cv_prog_ac_ct_DSYMUTIL=dsymutil
ac_cv_prog_ac_ct_LIPO=lipo
ac_cv_prog_ac_ct_NMEDIT=nmedit
ac_cv_prog_ac_ct_OTOOL=otool
ac_cv_prog_ac_ct_RANLIB=ranlib
ac_cv_prog_ac_ct_STRIP=strip
ac_cv_prog_cc_c89=
ac_cv_prog_cc_g=yes
ac_cv_search_dlopen='none required'
ac_cv_search_fdatasync='none required'
ac_cv_search_pthread_create='none required'
ac_cv_search_tgetent=-lncurses
ac_cv_sys_file_offset_bits=no
ac_cv_sys_largefile_CC=no
ac_cv_type_int16_t=yes
ac_cv_type_int32_t=yes
ac_cv_type_int64_t=yes
ac_cv_type_int8_t=yes
ac_cv_type_intptr_t=yes
ac_cv_type_uint16_t=yes
ac_cv_type_uint32_t=yes
ac_cv_type_uint64_t=yes
ac_cv_type_uint8_t=yes
ac_cv_type_uintptr_t=yes
lt_cv_apple_cc_single_mod=yes
lt_cv_deplibs_check_method=pass_all
lt_cv_file_magic_cmd='$MAGIC_CMD'
lt_cv_file_magic_test_file=
lt_cv_ld_exported_symbols_list=yes
lt_cv_ld_reload_flag=-r
lt_cv_nm_interface='BSD nm'
lt_cv_objdir=.libs
lt_cv_path_LD=/Applications/Xcode.app/Contents/Developer/Toolchains/XcodeDefault.xctoolchain/usr/bin/ld
lt_cv_path_NM=/Applications/Xcode.app/Contents/Developer/Toolchains/XcodeDefault.xctoolchain/usr/bin/nm
lt_cv_prog_compiler_c_o=yes
lt_cv_prog_compiler_pic_works=yes
lt_cv_prog_compiler_rtti_exceptions=yes
lt_cv_prog_compiler_static_works=no
lt_cv_prog_gnu_ld=no
lt_cv_sys_global_symbol_pipe='sed -n -e '\''s/^.*[	 ]\([BCDEGRST][BCDEGRST]*\)[	 ][	 ]*_\([_A-Za-z][_A-Za-z0-9]*\)$/\1 _\2 \2/p'\'''
lt_cv_sys_global_symbol_to_c_name_address='sed -n -e '\''s/^: \([^ ]*\) $/  {\"\1\", (void *) 0},/p'\'' -e '\''s/^[BCDEGRST]* \([^ ]*\) \([^ ]*\)$/  {"\2", (void *) \&\2},/p'\'''
lt_cv_sys_global_symbol_to_c_name_address_lib_prefix='sed -n -e '\''s/^: \([^ ]*\) $/  {\"\1\", (void *) 0},/p'\'' -e '\''s/^[BCDEGRST]* \([^ ]*\) \(lib[^ ]*\)$/  {"\2", (void *) \&\2},/p'\'' -e '\''s/^[BCDEGRST]* \([^ ]*\) \([^ ]*\)$/  {"lib\2", (void *) \&\2},/p'\'''
lt_cv_sys_global_symbol_to_cdecl='sed -n -e '\''s/^T .* \(.*\)$/extern int \1();/p'\'' -e '\''s/^[BCDEGRST]* .* \(.*\)$/extern char \1;/p'\'''
lt_cv_sys_max_cmd_len=196608

## ----------------- ##
## Output variables. ##
## ----------------- ##

ALLOWRELEASE=''
AR='ar'
AWK='awk'
BUILD_CC='gcc'
BUILD_CFLAGS=' -DSQLITE_HAS_CODEC -DSQLITE_TEMP_STORE=2 -DSQLCIPHER_CRYPTO_CC'
BUILD_EXEEXT=''
CC='gcc'
CFLAGS=' -DSQLITE_HAS_CODEC -DSQLITE_TEMP_STORE=2 -DSQLCIPHER_CRYPTO_CC -DSQLITE_OS_UNIX=1'
CPP='gcc -E'
CPPFLAGS=''
DEFS='-DHAVE_CONFIG_H'
DSYMUTIL='dsymutil'
DUMPBIN=''
ECHO_C=''
ECHO_N='-n'
ECHO_T=''
EGREP='/usr/bin/grep -E'
EXEEXT=''
FGREP='/usr/bin/grep -F'
GREP='/usr/bin/grep'
HAVE_TCL=''
INSTALL_DATA='${INSTALL} -m 644'
INSTALL_PROGRAM='${INSTALL}'
INSTALL_SCRIPT='${INSTALL}'
LD='/Applications/Xcode.app/Contents/Developer/Toolchains/XcodeDefault.xctoolchain/usr/bin/ld'
LDFLAGS=''
LIBOBJS=''
LIBS=''
LIBTOOL='$(SHELL) $(top_builddir)/libtool'
LIPO='lipo'
LN_S='ln -s'
LTLIBOBJS=''
NM='/Applications/Xcode.app/Contents/Developer/Toolchains/XcodeDefault.xctoolchain/usr/bin/nm'
NMEDIT='nmedit'
OBJDUMP='false'
OBJEXT='o'
OPT_FEATURE_FLAGS=''
OTOOL64=':'
OTOOL='otool'
PACKAGE_BUGREPORT=''
PACKAGE_NAME='sqlcipher'
PACKAGE_STRING='sqlcipher 3.8.10.2'
PACKAGE_TARNAME='sqlcipher'
PACKAGE_URL=''
PACKAGE_VERSION='3.8.10.2'
PATH_SEPARATOR=':'
RANLIB='ranlib'
RELEASE='3.8.10.2'
SED='/usr/bin/sed'
SHELL='/bin/sh'
SQLITE_OS_UNIX='1'
SQLITE_OS_WIN='0'
SQLITE_THREADSAFE='1'
STRIP='strip'
TARGET_DEBUG='-DNDEBUG'
TARGET_EXEEXT=''
TARGET_HAVE_READLINE='0'
TARGET_READLINE_INC=''
TARGET_READLINE_LIBS=''
TCLLIBDIR='/System/Library/Frameworks/Tcl.framework/Versions/8.5/Resources/Scripts/sqlite3'
TCLSH_CMD='tclsh8.5'
TCL_BIN_DIR=''
TCL_INCLUDE_SPEC=''
TCL_LIB_FILE=''
TCL_LIB_FLAG=''
TCL_LIB_SPEC=''
TCL_SHLIB_SUFFIX=''
TCL_SRC_DIR=''
TCL_STUB_LIB_FILE=''
TCL_STUB_LIB_FLAG=''
TCL_STUB_LIB_SPEC=''
TCL_VERSION=''
TEMP_STORE='2'
USE_AMALGAMATION='1'
USE_GCOV='0'
VERSION='3.8'
VERSION_NUMBER='3008010'
XTHREADCONNECT=''
ac_ct_CC='gcc'
ac_ct_DUMPBIN=''
bindir='${exec_prefix}/bin'
build='i386-apple-darwin15.0.0'
build_alias=''
build_cpu='i386'
build_os='darwin15.0.0'
build_vendor='apple'
datadir='${datarootdir}'
datarootdir='${prefix}/share'
docdir='${datarootdir}/doc/${PACKAGE_TARNAME}'
dvidir='${docdir}'
exec_prefix='${prefix}'
host='i386-apple-darwin15.0.0'
host_alias=''
host_cpu='i386'
host_os='darwin15.0.0'
host_vendor='apple'
htmldir='${docdir}'
includedir='${prefix}/include'
infodir='${datarootdir}/info'
libdir='${exec_prefix}/lib'
libexecdir='${exec_prefix}/libexec'
localedir='${datarootdir}/locale'
localstatedir='${prefix}/var'
lt_ECHO='echo'
mandir='${datarootdir}/man'
oldincludedir='/usr/include'
pdfdir='${docdir}'
prefix='/usr/local'
program_prefix=''
program_transform_name='s,x,x,'
psdir='${docdir}'
sbindir='${exec_prefix}/sbin'
sharedstatedir='${prefix}/com'
sysconfdir='${prefix}/etc'
target_alias=''

## ----------- ##
## confdefs.h. ##
## ----------- ##

/* confdefs.h */
#define PACKAGE_NAME "sqlcipher"
#define PACKAGE_TARNAME "sqlcipher"
#define PACKAGE_VERSION "3.8.10.2"
#define PACKAGE_STRING "sqlcipher 3.8.10.2"
#define PACKAGE_BUGREPORT ""
#define PACKAGE_URL ""
#define STDC_HEADERS 1
#define HAVE_SYS_TYPES_H 1
#define HAVE_SYS_STAT_H 1
#define HAVE_STDLIB_H 1
#define HAVE_STRING_H 1
#define HAVE_MEMORY_H 1
#define HAVE_STRINGS_H 1
#define HAVE_INTTYPES_H 1
#define HAVE_STDINT_H 1
#define HAVE_UNISTD_H 1
#define HAVE_DLFCN_H 1
#define LT_OBJDIR ".libs/"
#define HAVE_INT8_T 1
#define HAVE_INT16_T 1
#define HAVE_INT32_T 1
#define HAVE_INT64_T 1
#define HAVE_INTPTR_T 1
#define HAVE_UINT8_T 1
#define HAVE_UINT16_T 1
#define HAVE_UINT32_T 1
#define HAVE_UINT64_T 1
#define HAVE_UINTPTR_T 1
#define HAVE_SYS_TYPES_H 1
#define HAVE_STDLIB_H 1
#define HAVE_STDINT_H 1
#define HAVE_INTTYPES_H 1
#define HAVE_FDATASYNC 1
#define HAVE_GMTIME_R 1
#define HAVE_ISNAN 1
#define HAVE_LOCALTIME_R 1
#define HAVE_USLEEP 1
#define HAVE_UTIME 1

configure: exit 0
